D:\COLLEGE COURSES\COMPUTER GRAPHICS\WORKSPACE\HELLOPEOPLE - SIMLERUN\DEBUG\HELLOPEOPLE.EXE
D:\COLLEGE COURSES\COMPUTER GRAPHICS\WORKSPACE\HELLOPEOPLE - SIMLERUN\DEBUG\HELLOPEOPLE.ILK
D:\COLLEGE COURSES\COMPUTER GRAPHICS\WORKSPACE\HELLOPEOPLE - SIMLERUN\DEBUG\HELLOPEOPLE.PDB
D:\College Courses\Computer Graphics\Workspace\HelloPeople - SimleRun\HelloPeople\Debug\cl.command.1.tlog
D:\College Courses\Computer Graphics\Workspace\HelloPeople - SimleRun\HelloPeople\Debug\CL.read.1.tlog
D:\College Courses\Computer Graphics\Workspace\HelloPeople - SimleRun\HelloPeople\Debug\CL.write.1.tlog
D:\COLLEGE COURSES\COMPUTER GRAPHICS\WORKSPACE\HELLOPEOPLE - SIMLERUN\HELLOPEOPLE\DEBUG\CONTROLS.OBJ
D:\COLLEGE COURSES\COMPUTER GRAPHICS\WORKSPACE\HELLOPEOPLE - SIMLERUN\HELLOPEOPLE\DEBUG\HELLOPEOPLE.EXE.EMBED.MANIFEST
D:\COLLEGE COURSES\COMPUTER GRAPHICS\WORKSPACE\HELLOPEOPLE - SIMLERUN\HELLOPEOPLE\DEBUG\HELLOPEOPLE.EXE.EMBED.MANIFEST.RES
D:\COLLEGE COURSES\COMPUTER GRAPHICS\WORKSPACE\HELLOPEOPLE - SIMLERUN\HELLOPEOPLE\DEBUG\HELLOPEOPLE.EXE.INTERMEDIATE.MANIFEST
D:\College Courses\Computer Graphics\Workspace\HelloPeople - SimleRun\HelloPeople\Debug\HelloPeople_manifest.rc
D:\COLLEGE COURSES\COMPUTER GRAPHICS\WORKSPACE\HELLOPEOPLE - SIMLERUN\HELLOPEOPLE\DEBUG\HELLOWORLD2.OBJ
D:\COLLEGE COURSES\COMPUTER GRAPHICS\WORKSPACE\HELLOPEOPLE - SIMLERUN\HELLOPEOPLE\DEBUG\INITSHADER.OBJ
D:\College Courses\Computer Graphics\Workspace\HelloPeople - SimleRun\HelloPeople\Debug\link.2984.read.1.tlog
D:\College Courses\Computer Graphics\Workspace\HelloPeople - SimleRun\HelloPeople\Debug\link.2984.write.1.tlog
D:\College Courses\Computer Graphics\Workspace\HelloPeople - SimleRun\HelloPeople\Debug\link.2984-cvtres.read.1.tlog
D:\College Courses\Computer Graphics\Workspace\HelloPeople - SimleRun\HelloPeople\Debug\link.2984-cvtres.write.1.tlog
D:\College Courses\Computer Graphics\Workspace\HelloPeople - SimleRun\HelloPeople\Debug\link.380.read.1.tlog
D:\College Courses\Computer Graphics\Workspace\HelloPeople - SimleRun\HelloPeople\Debug\link.380.write.1.tlog
D:\College Courses\Computer Graphics\Workspace\HelloPeople - SimleRun\HelloPeople\Debug\link.380-cvtres.read.1.tlog
D:\College Courses\Computer Graphics\Workspace\HelloPeople - SimleRun\HelloPeople\Debug\link.380-cvtres.write.1.tlog
D:\College Courses\Computer Graphics\Workspace\HelloPeople - SimleRun\HelloPeople\Debug\link.5172.read.1.tlog
D:\College Courses\Computer Graphics\Workspace\HelloPeople - SimleRun\HelloPeople\Debug\link.5172.write.1.tlog
D:\College Courses\Computer Graphics\Workspace\HelloPeople - SimleRun\HelloPeople\Debug\link.5172-cvtres.read.1.tlog
D:\College Courses\Computer Graphics\Workspace\HelloPeople - SimleRun\HelloPeople\Debug\link.5172-cvtres.write.1.tlog
D:\College Courses\Computer Graphics\Workspace\HelloPeople - SimleRun\HelloPeople\Debug\link.5448.read.1.tlog
D:\College Courses\Computer Graphics\Workspace\HelloPeople - SimleRun\HelloPeople\Debug\link.5448.write.1.tlog
D:\College Courses\Computer Graphics\Workspace\HelloPeople - SimleRun\HelloPeople\Debug\link.5448-cvtres.read.1.tlog
D:\College Courses\Computer Graphics\Workspace\HelloPeople - SimleRun\HelloPeople\Debug\link.5448-cvtres.write.1.tlog
D:\College Courses\Computer Graphics\Workspace\HelloPeople - SimleRun\HelloPeople\Debug\link.6016.read.1.tlog
D:\College Courses\Computer Graphics\Workspace\HelloPeople - SimleRun\HelloPeople\Debug\link.6016.write.1.tlog
D:\College Courses\Computer Graphics\Workspace\HelloPeople - SimleRun\HelloPeople\Debug\link.6016-cvtres.read.1.tlog
D:\College Courses\Computer Graphics\Workspace\HelloPeople - SimleRun\HelloPeople\Debug\link.6016-cvtres.write.1.tlog
D:\College Courses\Computer Graphics\Workspace\HelloPeople - SimleRun\HelloPeople\Debug\link.command.1.tlog
D:\College Courses\Computer Graphics\Workspace\HelloPeople - SimleRun\HelloPeople\Debug\link.read.1.tlog
D:\College Courses\Computer Graphics\Workspace\HelloPeople - SimleRun\HelloPeople\Debug\link.write.1.tlog
D:\College Courses\Computer Graphics\Workspace\HelloPeople - SimleRun\HelloPeople\Debug\link-cvtres.read.1.tlog
D:\College Courses\Computer Graphics\Workspace\HelloPeople - SimleRun\HelloPeople\Debug\link-cvtres.write.1.tlog
D:\College Courses\Computer Graphics\Workspace\HelloPeople - SimleRun\HelloPeople\Debug\mt.command.1.tlog
D:\College Courses\Computer Graphics\Workspace\HelloPeople - SimleRun\HelloPeople\Debug\mt.read.1.tlog
D:\College Courses\Computer Graphics\Workspace\HelloPeople - SimleRun\HelloPeople\Debug\mt.write.1.tlog
D:\COLLEGE COURSES\COMPUTER GRAPHICS\WORKSPACE\HELLOPEOPLE - SIMLERUN\HELLOPEOPLE\DEBUG\OBJLOADER.OBJ
D:\College Courses\Computer Graphics\Workspace\HelloPeople - SimleRun\HelloPeople\Debug\rc.command.1.tlog
D:\College Courses\Computer Graphics\Workspace\HelloPeople - SimleRun\HelloPeople\Debug\rc.read.1.tlog
D:\College Courses\Computer Graphics\Workspace\HelloPeople - SimleRun\HelloPeople\Debug\rc.write.1.tlog
D:\COLLEGE COURSES\COMPUTER GRAPHICS\WORKSPACE\HELLOPEOPLE - SIMLERUN\HELLOPEOPLE\DEBUG\SHADER.OBJ
D:\COLLEGE COURSES\COMPUTER GRAPHICS\WORKSPACE\HELLOPEOPLE - SIMLERUN\HELLOPEOPLE\DEBUG\TEXTURE.OBJ
D:\College Courses\Computer Graphics\Workspace\HelloPeople - SimleRun\HelloPeople\Debug\vc100.idb
D:\COLLEGE COURSES\COMPUTER GRAPHICS\WORKSPACE\HELLOPEOPLE - SIMLERUN\HELLOPEOPLE\DEBUG\VC100.PDB
