Build started 4/7/2014 1:38:53 AM.
     1>Project "D:\Projects\Games\OpenGL\HelloPeople - SimleRun - Backup_2\HelloPeople\HelloPeople.vcxproj" on node 2 (build target(s)).
     1>InitializeBuildStatus:
         Creating "Debug\AssembleAsThis.unsuccessfulbuild" because "AlwaysCreate" was specified.
       ClCompile:
         All outputs are up-to-date.
       ManifestResourceCompile:
         C:\Program Files (x86)\Microsoft SDKs\Windows\v7.0A\bin\rc.exe /nologo /fo"Debug\AssembleAsThis.exe.embed.manifest.res" Debug\AssembleAsThis_manifest.rc 
       Link:
         C:\Program Files (x86)\Microsoft Visual Studio 10.0\VC\bin\link.exe /ERRORREPORT:PROMPT /OUT:"D:\Projects\Games\OpenGL\HelloPeople - SimleRun - Backup_2\Debug\AssembleAsThis.exe" /INCREMENTAL /NOLOGO winmm.lib glew32.lib freeglut.lib glfw3.lib SOIL.lib assimp.lib kernel32.lib user32.lib gdi32.lib winspool.lib comdlg32.lib advapi32.lib shell32.lib ole32.lib oleaut32.lib uuid.lib odbc32.lib odbccp32.lib /MANIFEST /ManifestFile:"Debug\AssembleAsThis.exe.intermediate.manifest" /MANIFESTUAC:"level='asInvoker' uiAccess='false'" /DEBUG /PDB:"D:\Projects\Games\OpenGL\HelloPeople - SimleRun - Backup_2\Debug\AssembleAsThis.pdb" /SUBSYSTEM:CONSOLE /TLBID:1 /DYNAMICBASE /NXCOMPAT /IMPLIB:"D:\Projects\Games\OpenGL\HelloPeople - SimleRun - Backup_2\Debug\AssembleAsThis.lib" /MACHINE:X86 Debug\AssembleAsThis.exe.embed.manifest.res
         Debug\Cube.obj
         Debug\main.obj
         Debug\InitShader.obj
         Debug\objloader.obj
         Debug\shader.obj
         Debug\texture.obj
     1>LINK : fatal error LNK1123: failure during conversion to COFF: file invalid or corrupt
     1>Done Building Project "D:\Projects\Games\OpenGL\HelloPeople - SimleRun - Backup_2\HelloPeople\HelloPeople.vcxproj" (build target(s)) -- FAILED.

Build FAILED.

Time Elapsed 00:00:00.31
