Build started 20/12/2013 02:38:11 م.
     1>Project "D:\College Courses\Computer Graphics\Workspace\HelloPeople - SimleRun\HelloPeople\HelloPeople.vcxproj" on node 2 (build target(s)).
     1>InitializeBuildStatus:
         Touching "Release\HelloPeople.unsuccessfulbuild".
       ClCompile:
         C:\Program Files (x86)\Microsoft Visual Studio 10.0\VC\bin\CL.exe /c /Zi /nologo /W4 /WX- /O2 /Oi /Oy- /GL /D _CRT_SECURE_NO_WARNINGS /D WIN32 /D NDEBUG /D _CONSOLE /Gm- /EHsc /MD /GS /Gy /fp:precise /Zc:wchar_t /Zc:forScope /Fo"Release\\" /Fd"Release\vc100.pdb" /Gd /TC /analyze- /errorReport:prompt Cube.cpp main.cpp InitShader.cpp objloader.cpp shader.cpp texture.cpp
         Cube.cpp
     1>C:\Program Files (x86)\Microsoft Visual Studio 10.0\VC\include\cmath(19): error C2061: syntax error : identifier 'acosf'
     1>C:\Program Files (x86)\Microsoft Visual Studio 10.0\VC\include\cmath(19): error C2059: syntax error : ';'
     1>C:\Program Files (x86)\Microsoft Visual Studio 10.0\VC\include\cmath(19): error C2061: syntax error : identifier 'asinf'
     1>C:\Program Files (x86)\Microsoft Visual Studio 10.0\VC\include\cmath(19): error C2059: syntax error : ';'
     1>C:\Program Files (x86)\Microsoft Visual Studio 10.0\VC\include\cmath(20): error C2061: syntax error : identifier 'atanf'
     1>C:\Program Files (x86)\Microsoft Visual Studio 10.0\VC\include\cmath(20): error C2059: syntax error : ';'
     1>C:\Program Files (x86)\Microsoft Visual Studio 10.0\VC\include\cmath(20): error C2061: syntax error : identifier 'atan2f'
     1>C:\Program Files (x86)\Microsoft Visual Studio 10.0\VC\include\cmath(20): error C2059: syntax error : ';'
     1>C:\Program Files (x86)\Microsoft Visual Studio 10.0\VC\include\cmath(20): error C2061: syntax error : identifier 'ceilf'
     1>C:\Program Files (x86)\Microsoft Visual Studio 10.0\VC\include\cmath(20): error C2059: syntax error : ';'
     1>C:\Program Files (x86)\Microsoft Visual Studio 10.0\VC\include\cmath(21): error C2061: syntax error : identifier 'cosf'
     1>C:\Program Files (x86)\Microsoft Visual Studio 10.0\VC\include\cmath(21): error C2059: syntax error : ';'
     1>C:\Program Files (x86)\Microsoft Visual Studio 10.0\VC\include\cmath(21): error C2061: syntax error : identifier 'coshf'
     1>C:\Program Files (x86)\Microsoft Visual Studio 10.0\VC\include\cmath(21): error C2059: syntax error : ';'
     1>C:\Program Files (x86)\Microsoft Visual Studio 10.0\VC\include\cmath(21): error C2061: syntax error : identifier 'expf'
     1>C:\Program Files (x86)\Microsoft Visual Studio 10.0\VC\include\cmath(21): error C2059: syntax error : ';'
     1>C:\Program Files (x86)\Microsoft Visual Studio 10.0\VC\include\cmath(22): error C2061: syntax error : identifier 'fabsf'
     1>C:\Program Files (x86)\Microsoft Visual Studio 10.0\VC\include\cmath(22): error C2059: syntax error : ';'
     1>C:\Program Files (x86)\Microsoft Visual Studio 10.0\VC\include\cmath(22): error C2061: syntax error : identifier 'floorf'
     1>C:\Program Files (x86)\Microsoft Visual Studio 10.0\VC\include\cmath(22): error C2059: syntax error : ';'
     1>C:\Program Files (x86)\Microsoft Visual Studio 10.0\VC\include\cmath(22): error C2061: syntax error : identifier 'fmodf'
     1>C:\Program Files (x86)\Microsoft Visual Studio 10.0\VC\include\cmath(22): error C2059: syntax error : ';'
     1>C:\Program Files (x86)\Microsoft Visual Studio 10.0\VC\include\cmath(23): error C2061: syntax error : identifier 'frexpf'
     1>C:\Program Files (x86)\Microsoft Visual Studio 10.0\VC\include\cmath(23): error C2059: syntax error : ';'
     1>C:\Program Files (x86)\Microsoft Visual Studio 10.0\VC\include\cmath(23): error C2061: syntax error : identifier 'ldexpf'
     1>C:\Program Files (x86)\Microsoft Visual Studio 10.0\VC\include\cmath(23): error C2059: syntax error : ';'
     1>C:\Program Files (x86)\Microsoft Visual Studio 10.0\VC\include\cmath(23): error C2061: syntax error : identifier 'logf'
     1>C:\Program Files (x86)\Microsoft Visual Studio 10.0\VC\include\cmath(23): error C2059: syntax error : ';'
     1>C:\Program Files (x86)\Microsoft Visual Studio 10.0\VC\include\cmath(24): error C2061: syntax error : identifier 'log10f'
     1>C:\Program Files (x86)\Microsoft Visual Studio 10.0\VC\include\cmath(24): error C2059: syntax error : ';'
     1>C:\Program Files (x86)\Microsoft Visual Studio 10.0\VC\include\cmath(24): error C2061: syntax error : identifier 'modff'
     1>C:\Program Files (x86)\Microsoft Visual Studio 10.0\VC\include\cmath(24): error C2059: syntax error : ';'
     1>C:\Program Files (x86)\Microsoft Visual Studio 10.0\VC\include\cmath(24): error C2061: syntax error : identifier 'powf'
     1>C:\Program Files (x86)\Microsoft Visual Studio 10.0\VC\include\cmath(24): error C2059: syntax error : ';'
     1>C:\Program Files (x86)\Microsoft Visual Studio 10.0\VC\include\cmath(25): error C2061: syntax error : identifier 'sinf'
     1>C:\Program Files (x86)\Microsoft Visual Studio 10.0\VC\include\cmath(25): error C2059: syntax error : ';'
     1>C:\Program Files (x86)\Microsoft Visual Studio 10.0\VC\include\cmath(25): error C2061: syntax error : identifier 'sinhf'
     1>C:\Program Files (x86)\Microsoft Visual Studio 10.0\VC\include\cmath(25): error C2059: syntax error : ';'
     1>C:\Program Files (x86)\Microsoft Visual Studio 10.0\VC\include\cmath(25): error C2061: syntax error : identifier 'sqrtf'
     1>C:\Program Files (x86)\Microsoft Visual Studio 10.0\VC\include\cmath(25): error C2059: syntax error : ';'
     1>C:\Program Files (x86)\Microsoft Visual Studio 10.0\VC\include\cmath(26): error C2061: syntax error : identifier 'tanf'
     1>C:\Program Files (x86)\Microsoft Visual Studio 10.0\VC\include\cmath(26): error C2059: syntax error : ';'
     1>C:\Program Files (x86)\Microsoft Visual Studio 10.0\VC\include\cmath(26): error C2061: syntax error : identifier 'tanhf'
     1>C:\Program Files (x86)\Microsoft Visual Studio 10.0\VC\include\cmath(26): error C2059: syntax error : ';'
     1>C:\Program Files (x86)\Microsoft Visual Studio 10.0\VC\include\cmath(28): error C2061: syntax error : identifier 'acosl'
     1>C:\Program Files (x86)\Microsoft Visual Studio 10.0\VC\include\cmath(28): error C2059: syntax error : ';'
     1>C:\Program Files (x86)\Microsoft Visual Studio 10.0\VC\include\cmath(28): error C2061: syntax error : identifier 'asinl'
     1>C:\Program Files (x86)\Microsoft Visual Studio 10.0\VC\include\cmath(28): error C2059: syntax error : ';'
     1>C:\Program Files (x86)\Microsoft Visual Studio 10.0\VC\include\cmath(29): error C2061: syntax error : identifier 'atanl'
     1>C:\Program Files (x86)\Microsoft Visual Studio 10.0\VC\include\cmath(29): error C2059: syntax error : ';'
     1>C:\Program Files (x86)\Microsoft Visual Studio 10.0\VC\include\cmath(29): error C2061: syntax error : identifier 'atan2l'
     1>C:\Program Files (x86)\Microsoft Visual Studio 10.0\VC\include\cmath(29): error C2059: syntax error : ';'
     1>C:\Program Files (x86)\Microsoft Visual Studio 10.0\VC\include\cmath(29): error C2061: syntax error : identifier 'ceill'
     1>C:\Program Files (x86)\Microsoft Visual Studio 10.0\VC\include\cmath(29): error C2059: syntax error : ';'
     1>C:\Program Files (x86)\Microsoft Visual Studio 10.0\VC\include\cmath(30): error C2061: syntax error : identifier 'cosl'
     1>C:\Program Files (x86)\Microsoft Visual Studio 10.0\VC\include\cmath(30): error C2059: syntax error : ';'
     1>C:\Program Files (x86)\Microsoft Visual Studio 10.0\VC\include\cmath(30): error C2061: syntax error : identifier 'coshl'
     1>C:\Program Files (x86)\Microsoft Visual Studio 10.0\VC\include\cmath(30): error C2059: syntax error : ';'
     1>C:\Program Files (x86)\Microsoft Visual Studio 10.0\VC\include\cmath(30): error C2061: syntax error : identifier 'expl'
     1>C:\Program Files (x86)\Microsoft Visual Studio 10.0\VC\include\cmath(30): error C2059: syntax error : ';'
     1>C:\Program Files (x86)\Microsoft Visual Studio 10.0\VC\include\cmath(31): error C2061: syntax error : identifier 'fabsl'
     1>C:\Program Files (x86)\Microsoft Visual Studio 10.0\VC\include\cmath(31): error C2059: syntax error : ';'
     1>C:\Program Files (x86)\Microsoft Visual Studio 10.0\VC\include\cmath(31): error C2061: syntax error : identifier 'floorl'
     1>C:\Program Files (x86)\Microsoft Visual Studio 10.0\VC\include\cmath(31): error C2059: syntax error : ';'
     1>C:\Program Files (x86)\Microsoft Visual Studio 10.0\VC\include\cmath(31): error C2061: syntax error : identifier 'fmodl'
     1>C:\Program Files (x86)\Microsoft Visual Studio 10.0\VC\include\cmath(31): error C2059: syntax error : ';'
     1>C:\Program Files (x86)\Microsoft Visual Studio 10.0\VC\include\cmath(32): error C2061: syntax error : identifier 'frexpl'
     1>C:\Program Files (x86)\Microsoft Visual Studio 10.0\VC\include\cmath(32): error C2059: syntax error : ';'
     1>C:\Program Files (x86)\Microsoft Visual Studio 10.0\VC\include\cmath(32): error C2061: syntax error : identifier 'ldexpl'
     1>C:\Program Files (x86)\Microsoft Visual Studio 10.0\VC\include\cmath(32): error C2059: syntax error : ';'
     1>C:\Program Files (x86)\Microsoft Visual Studio 10.0\VC\include\cmath(32): error C2061: syntax error : identifier 'logl'
     1>C:\Program Files (x86)\Microsoft Visual Studio 10.0\VC\include\cmath(32): error C2059: syntax error : ';'
     1>C:\Program Files (x86)\Microsoft Visual Studio 10.0\VC\include\cmath(33): error C2061: syntax error : identifier 'log10l'
     1>C:\Program Files (x86)\Microsoft Visual Studio 10.0\VC\include\cmath(33): error C2059: syntax error : ';'
     1>C:\Program Files (x86)\Microsoft Visual Studio 10.0\VC\include\cmath(33): error C2061: syntax error : identifier 'modfl'
     1>C:\Program Files (x86)\Microsoft Visual Studio 10.0\VC\include\cmath(33): error C2059: syntax error : ';'
     1>C:\Program Files (x86)\Microsoft Visual Studio 10.0\VC\include\cmath(33): error C2061: syntax error : identifier 'powl'
     1>C:\Program Files (x86)\Microsoft Visual Studio 10.0\VC\include\cmath(33): error C2059: syntax error : ';'
     1>C:\Program Files (x86)\Microsoft Visual Studio 10.0\VC\include\cmath(34): error C2061: syntax error : identifier 'sinl'
     1>C:\Program Files (x86)\Microsoft Visual Studio 10.0\VC\include\cmath(34): error C2059: syntax error : ';'
     1>C:\Program Files (x86)\Microsoft Visual Studio 10.0\VC\include\cmath(34): error C2061: syntax error : identifier 'sinhl'
     1>C:\Program Files (x86)\Microsoft Visual Studio 10.0\VC\include\cmath(34): error C2059: syntax error : ';'
     1>C:\Program Files (x86)\Microsoft Visual Studio 10.0\VC\include\cmath(34): error C2061: syntax error : identifier 'sqrtl'
     1>C:\Program Files (x86)\Microsoft Visual Studio 10.0\VC\include\cmath(34): error C2059: syntax error : ';'
     1>C:\Program Files (x86)\Microsoft Visual Studio 10.0\VC\include\cmath(35): error C2061: syntax error : identifier 'tanl'
     1>C:\Program Files (x86)\Microsoft Visual Studio 10.0\VC\include\cmath(35): error C2059: syntax error : ';'
     1>C:\Program Files (x86)\Microsoft Visual Studio 10.0\VC\include\cmath(35): error C2061: syntax error : identifier 'tanhl'
     1>C:\Program Files (x86)\Microsoft Visual Studio 10.0\VC\include\cmath(35): error C2059: syntax error : ';'
     1>C:\Program Files (x86)\Microsoft Visual Studio 10.0\VC\include\cmath(37): error C2061: syntax error : identifier 'abs'
     1>C:\Program Files (x86)\Microsoft Visual Studio 10.0\VC\include\cmath(37): error C2059: syntax error : ';'
     1>C:\Program Files (x86)\Microsoft Visual Studio 10.0\VC\include\cmath(39): error C2061: syntax error : identifier 'acos'
     1>C:\Program Files (x86)\Microsoft Visual Studio 10.0\VC\include\cmath(39): error C2059: syntax error : ';'
     1>C:\Program Files (x86)\Microsoft Visual Studio 10.0\VC\include\cmath(39): error C2061: syntax error : identifier 'asin'
     1>C:\Program Files (x86)\Microsoft Visual Studio 10.0\VC\include\cmath(39): error C2059: syntax error : ';'
     1>C:\Program Files (x86)\Microsoft Visual Studio 10.0\VC\include\cmath(40): error C2061: syntax error : identifier 'atan'
     1>C:\Program Files (x86)\Microsoft Visual Studio 10.0\VC\include\cmath(40): error C2059: syntax error : ';'
     1>C:\Program Files (x86)\Microsoft Visual Studio 10.0\VC\include\cmath(40): error C2061: syntax error : identifier 'atan2'
     1>C:\Program Files (x86)\Microsoft Visual Studio 10.0\VC\include\cmath(40): error C2059: syntax error : ';'
     1>C:\Program Files (x86)\Microsoft Visual Studio 10.0\VC\include\cmath(40): error C2061: syntax error : identifier 'ceil'
     1>C:\Program Files (x86)\Microsoft Visual Studio 10.0\VC\include\cmath(40): error C2059: syntax error : ';'
     1>C:\Program Files (x86)\Microsoft Visual Studio 10.0\VC\include\cmath(41): error C2061: syntax error : identifier 'cos'
     1>C:\Program Files (x86)\Microsoft Visual Studio 10.0\VC\include\cmath(41): fatal error C1003: error count exceeds 100; stopping compilation
         main.cpp
     1>C:\Program Files (x86)\Microsoft Visual Studio 10.0\VC\include\cmath(19): error C2061: syntax error : identifier 'acosf'
     1>C:\Program Files (x86)\Microsoft Visual Studio 10.0\VC\include\cmath(19): error C2059: syntax error : ';'
     1>C:\Program Files (x86)\Microsoft Visual Studio 10.0\VC\include\cmath(19): error C2061: syntax error : identifier 'asinf'
     1>C:\Program Files (x86)\Microsoft Visual Studio 10.0\VC\include\cmath(19): error C2059: syntax error : ';'
     1>C:\Program Files (x86)\Microsoft Visual Studio 10.0\VC\include\cmath(20): error C2061: syntax error : identifier 'atanf'
     1>C:\Program Files (x86)\Microsoft Visual Studio 10.0\VC\include\cmath(20): error C2059: syntax error : ';'
     1>C:\Program Files (x86)\Microsoft Visual Studio 10.0\VC\include\cmath(20): error C2061: syntax error : identifier 'atan2f'
     1>C:\Program Files (x86)\Microsoft Visual Studio 10.0\VC\include\cmath(20): error C2059: syntax error : ';'
     1>C:\Program Files (x86)\Microsoft Visual Studio 10.0\VC\include\cmath(20): error C2061: syntax error : identifier 'ceilf'
     1>C:\Program Files (x86)\Microsoft Visual Studio 10.0\VC\include\cmath(20): error C2059: syntax error : ';'
     1>C:\Program Files (x86)\Microsoft Visual Studio 10.0\VC\include\cmath(21): error C2061: syntax error : identifier 'cosf'
     1>C:\Program Files (x86)\Microsoft Visual Studio 10.0\VC\include\cmath(21): error C2059: syntax error : ';'
     1>C:\Program Files (x86)\Microsoft Visual Studio 10.0\VC\include\cmath(21): error C2061: syntax error : identifier 'coshf'
     1>C:\Program Files (x86)\Microsoft Visual Studio 10.0\VC\include\cmath(21): error C2059: syntax error : ';'
     1>C:\Program Files (x86)\Microsoft Visual Studio 10.0\VC\include\cmath(21): error C2061: syntax error : identifier 'expf'
     1>C:\Program Files (x86)\Microsoft Visual Studio 10.0\VC\include\cmath(21): error C2059: syntax error : ';'
     1>C:\Program Files (x86)\Microsoft Visual Studio 10.0\VC\include\cmath(22): error C2061: syntax error : identifier 'fabsf'
     1>C:\Program Files (x86)\Microsoft Visual Studio 10.0\VC\include\cmath(22): error C2059: syntax error : ';'
     1>C:\Program Files (x86)\Microsoft Visual Studio 10.0\VC\include\cmath(22): error C2061: syntax error : identifier 'floorf'
     1>C:\Program Files (x86)\Microsoft Visual Studio 10.0\VC\include\cmath(22): error C2059: syntax error : ';'
     1>C:\Program Files (x86)\Microsoft Visual Studio 10.0\VC\include\cmath(22): error C2061: syntax error : identifier 'fmodf'
     1>C:\Program Files (x86)\Microsoft Visual Studio 10.0\VC\include\cmath(22): error C2059: syntax error : ';'
     1>C:\Program Files (x86)\Microsoft Visual Studio 10.0\VC\include\cmath(23): error C2061: syntax error : identifier 'frexpf'
     1>C:\Program Files (x86)\Microsoft Visual Studio 10.0\VC\include\cmath(23): error C2059: syntax error : ';'
     1>C:\Program Files (x86)\Microsoft Visual Studio 10.0\VC\include\cmath(23): error C2061: syntax error : identifier 'ldexpf'
     1>C:\Program Files (x86)\Microsoft Visual Studio 10.0\VC\include\cmath(23): error C2059: syntax error : ';'
     1>C:\Program Files (x86)\Microsoft Visual Studio 10.0\VC\include\cmath(23): error C2061: syntax error : identifier 'logf'
     1>C:\Program Files (x86)\Microsoft Visual Studio 10.0\VC\include\cmath(23): error C2059: syntax error : ';'
     1>C:\Program Files (x86)\Microsoft Visual Studio 10.0\VC\include\cmath(24): error C2061: syntax error : identifier 'log10f'
     1>C:\Program Files (x86)\Microsoft Visual Studio 10.0\VC\include\cmath(24): error C2059: syntax error : ';'
     1>C:\Program Files (x86)\Microsoft Visual Studio 10.0\VC\include\cmath(24): error C2061: syntax error : identifier 'modff'
     1>C:\Program Files (x86)\Microsoft Visual Studio 10.0\VC\include\cmath(24): error C2059: syntax error : ';'
     1>C:\Program Files (x86)\Microsoft Visual Studio 10.0\VC\include\cmath(24): error C2061: syntax error : identifier 'powf'
     1>C:\Program Files (x86)\Microsoft Visual Studio 10.0\VC\include\cmath(24): error C2059: syntax error : ';'
     1>C:\Program Files (x86)\Microsoft Visual Studio 10.0\VC\include\cmath(25): error C2061: syntax error : identifier 'sinf'
     1>C:\Program Files (x86)\Microsoft Visual Studio 10.0\VC\include\cmath(25): error C2059: syntax error : ';'
     1>C:\Program Files (x86)\Microsoft Visual Studio 10.0\VC\include\cmath(25): error C2061: syntax error : identifier 'sinhf'
     1>C:\Program Files (x86)\Microsoft Visual Studio 10.0\VC\include\cmath(25): error C2059: syntax error : ';'
     1>C:\Program Files (x86)\Microsoft Visual Studio 10.0\VC\include\cmath(25): error C2061: syntax error : identifier 'sqrtf'
     1>C:\Program Files (x86)\Microsoft Visual Studio 10.0\VC\include\cmath(25): error C2059: syntax error : ';'
     1>C:\Program Files (x86)\Microsoft Visual Studio 10.0\VC\include\cmath(26): error C2061: syntax error : identifier 'tanf'
     1>C:\Program Files (x86)\Microsoft Visual Studio 10.0\VC\include\cmath(26): error C2059: syntax error : ';'
     1>C:\Program Files (x86)\Microsoft Visual Studio 10.0\VC\include\cmath(26): error C2061: syntax error : identifier 'tanhf'
     1>C:\Program Files (x86)\Microsoft Visual Studio 10.0\VC\include\cmath(26): error C2059: syntax error : ';'
     1>C:\Program Files (x86)\Microsoft Visual Studio 10.0\VC\include\cmath(28): error C2061: syntax error : identifier 'acosl'
     1>C:\Program Files (x86)\Microsoft Visual Studio 10.0\VC\include\cmath(28): error C2059: syntax error : ';'
     1>C:\Program Files (x86)\Microsoft Visual Studio 10.0\VC\include\cmath(28): error C2061: syntax error : identifier 'asinl'
     1>C:\Program Files (x86)\Microsoft Visual Studio 10.0\VC\include\cmath(28): error C2059: syntax error : ';'
     1>C:\Program Files (x86)\Microsoft Visual Studio 10.0\VC\include\cmath(29): error C2061: syntax error : identifier 'atanl'
     1>C:\Program Files (x86)\Microsoft Visual Studio 10.0\VC\include\cmath(29): error C2059: syntax error : ';'
     1>C:\Program Files (x86)\Microsoft Visual Studio 10.0\VC\include\cmath(29): error C2061: syntax error : identifier 'atan2l'
     1>C:\Program Files (x86)\Microsoft Visual Studio 10.0\VC\include\cmath(29): error C2059: syntax error : ';'
     1>C:\Program Files (x86)\Microsoft Visual Studio 10.0\VC\include\cmath(29): error C2061: syntax error : identifier 'ceill'
     1>C:\Program Files (x86)\Microsoft Visual Studio 10.0\VC\include\cmath(29): error C2059: syntax error : ';'
     1>C:\Program Files (x86)\Microsoft Visual Studio 10.0\VC\include\cmath(30): error C2061: syntax error : identifier 'cosl'
     1>C:\Program Files (x86)\Microsoft Visual Studio 10.0\VC\include\cmath(30): error C2059: syntax error : ';'
     1>C:\Program Files (x86)\Microsoft Visual Studio 10.0\VC\include\cmath(30): error C2061: syntax error : identifier 'coshl'
     1>C:\Program Files (x86)\Microsoft Visual Studio 10.0\VC\include\cmath(30): error C2059: syntax error : ';'
     1>C:\Program Files (x86)\Microsoft Visual Studio 10.0\VC\include\cmath(30): error C2061: syntax error : identifier 'expl'
     1>C:\Program Files (x86)\Microsoft Visual Studio 10.0\VC\include\cmath(30): error C2059: syntax error : ';'
     1>C:\Program Files (x86)\Microsoft Visual Studio 10.0\VC\include\cmath(31): error C2061: syntax error : identifier 'fabsl'
     1>C:\Program Files (x86)\Microsoft Visual Studio 10.0\VC\include\cmath(31): error C2059: syntax error : ';'
     1>C:\Program Files (x86)\Microsoft Visual Studio 10.0\VC\include\cmath(31): error C2061: syntax error : identifier 'floorl'
     1>C:\Program Files (x86)\Microsoft Visual Studio 10.0\VC\include\cmath(31): error C2059: syntax error : ';'
     1>C:\Program Files (x86)\Microsoft Visual Studio 10.0\VC\include\cmath(31): error C2061: syntax error : identifier 'fmodl'
     1>C:\Program Files (x86)\Microsoft Visual Studio 10.0\VC\include\cmath(31): error C2059: syntax error : ';'
     1>C:\Program Files (x86)\Microsoft Visual Studio 10.0\VC\include\cmath(32): error C2061: syntax error : identifier 'frexpl'
     1>C:\Program Files (x86)\Microsoft Visual Studio 10.0\VC\include\cmath(32): error C2059: syntax error : ';'
     1>C:\Program Files (x86)\Microsoft Visual Studio 10.0\VC\include\cmath(32): error C2061: syntax error : identifier 'ldexpl'
     1>C:\Program Files (x86)\Microsoft Visual Studio 10.0\VC\include\cmath(32): error C2059: syntax error : ';'
     1>C:\Program Files (x86)\Microsoft Visual Studio 10.0\VC\include\cmath(32): error C2061: syntax error : identifier 'logl'
     1>C:\Program Files (x86)\Microsoft Visual Studio 10.0\VC\include\cmath(32): error C2059: syntax error : ';'
     1>C:\Program Files (x86)\Microsoft Visual Studio 10.0\VC\include\cmath(33): error C2061: syntax error : identifier 'log10l'
     1>C:\Program Files (x86)\Microsoft Visual Studio 10.0\VC\include\cmath(33): error C2059: syntax error : ';'
     1>C:\Program Files (x86)\Microsoft Visual Studio 10.0\VC\include\cmath(33): error C2061: syntax error : identifier 'modfl'
     1>C:\Program Files (x86)\Microsoft Visual Studio 10.0\VC\include\cmath(33): error C2059: syntax error : ';'
     1>C:\Program Files (x86)\Microsoft Visual Studio 10.0\VC\include\cmath(33): error C2061: syntax error : identifier 'powl'
     1>C:\Program Files (x86)\Microsoft Visual Studio 10.0\VC\include\cmath(33): error C2059: syntax error : ';'
     1>C:\Program Files (x86)\Microsoft Visual Studio 10.0\VC\include\cmath(34): error C2061: syntax error : identifier 'sinl'
     1>C:\Program Files (x86)\Microsoft Visual Studio 10.0\VC\include\cmath(34): error C2059: syntax error : ';'
     1>C:\Program Files (x86)\Microsoft Visual Studio 10.0\VC\include\cmath(34): error C2061: syntax error : identifier 'sinhl'
     1>C:\Program Files (x86)\Microsoft Visual Studio 10.0\VC\include\cmath(34): error C2059: syntax error : ';'
     1>C:\Program Files (x86)\Microsoft Visual Studio 10.0\VC\include\cmath(34): error C2061: syntax error : identifier 'sqrtl'
     1>C:\Program Files (x86)\Microsoft Visual Studio 10.0\VC\include\cmath(34): error C2059: syntax error : ';'
     1>C:\Program Files (x86)\Microsoft Visual Studio 10.0\VC\include\cmath(35): error C2061: syntax error : identifier 'tanl'
     1>C:\Program Files (x86)\Microsoft Visual Studio 10.0\VC\include\cmath(35): error C2059: syntax error : ';'
     1>C:\Program Files (x86)\Microsoft Visual Studio 10.0\VC\include\cmath(35): error C2061: syntax error : identifier 'tanhl'
     1>C:\Program Files (x86)\Microsoft Visual Studio 10.0\VC\include\cmath(35): error C2059: syntax error : ';'
     1>C:\Program Files (x86)\Microsoft Visual Studio 10.0\VC\include\cmath(37): error C2061: syntax error : identifier 'abs'
     1>C:\Program Files (x86)\Microsoft Visual Studio 10.0\VC\include\cmath(37): error C2059: syntax error : ';'
     1>C:\Program Files (x86)\Microsoft Visual Studio 10.0\VC\include\cmath(39): error C2061: syntax error : identifier 'acos'
     1>C:\Program Files (x86)\Microsoft Visual Studio 10.0\VC\include\cmath(39): error C2059: syntax error : ';'
     1>C:\Program Files (x86)\Microsoft Visual Studio 10.0\VC\include\cmath(39): error C2061: syntax error : identifier 'asin'
     1>C:\Program Files (x86)\Microsoft Visual Studio 10.0\VC\include\cmath(39): error C2059: syntax error : ';'
     1>C:\Program Files (x86)\Microsoft Visual Studio 10.0\VC\include\cmath(40): error C2061: syntax error : identifier 'atan'
     1>C:\Program Files (x86)\Microsoft Visual Studio 10.0\VC\include\cmath(40): error C2059: syntax error : ';'
     1>C:\Program Files (x86)\Microsoft Visual Studio 10.0\VC\include\cmath(40): error C2061: syntax error : identifier 'atan2'
     1>C:\Program Files (x86)\Microsoft Visual Studio 10.0\VC\include\cmath(40): error C2059: syntax error : ';'
     1>C:\Program Files (x86)\Microsoft Visual Studio 10.0\VC\include\cmath(40): error C2061: syntax error : identifier 'ceil'
     1>C:\Program Files (x86)\Microsoft Visual Studio 10.0\VC\include\cmath(40): error C2059: syntax error : ';'
     1>C:\Program Files (x86)\Microsoft Visual Studio 10.0\VC\include\cmath(41): error C2061: syntax error : identifier 'cos'
     1>C:\Program Files (x86)\Microsoft Visual Studio 10.0\VC\include\cmath(41): fatal error C1003: error count exceeds 100; stopping compilation
         InitShader.cpp
     1>C:\Program Files (x86)\Microsoft Visual Studio 10.0\VC\include\cmath(19): error C2061: syntax error : identifier 'acosf'
     1>C:\Program Files (x86)\Microsoft Visual Studio 10.0\VC\include\cmath(19): error C2059: syntax error : ';'
     1>C:\Program Files (x86)\Microsoft Visual Studio 10.0\VC\include\cmath(19): error C2061: syntax error : identifier 'asinf'
     1>C:\Program Files (x86)\Microsoft Visual Studio 10.0\VC\include\cmath(19): error C2059: syntax error : ';'
     1>C:\Program Files (x86)\Microsoft Visual Studio 10.0\VC\include\cmath(20): error C2061: syntax error : identifier 'atanf'
     1>C:\Program Files (x86)\Microsoft Visual Studio 10.0\VC\include\cmath(20): error C2059: syntax error : ';'
     1>C:\Program Files (x86)\Microsoft Visual Studio 10.0\VC\include\cmath(20): error C2061: syntax error : identifier 'atan2f'
     1>C:\Program Files (x86)\Microsoft Visual Studio 10.0\VC\include\cmath(20): error C2059: syntax error : ';'
     1>C:\Program Files (x86)\Microsoft Visual Studio 10.0\VC\include\cmath(20): error C2061: syntax error : identifier 'ceilf'
     1>C:\Program Files (x86)\Microsoft Visual Studio 10.0\VC\include\cmath(20): error C2059: syntax error : ';'
     1>C:\Program Files (x86)\Microsoft Visual Studio 10.0\VC\include\cmath(21): error C2061: syntax error : identifier 'cosf'
     1>C:\Program Files (x86)\Microsoft Visual Studio 10.0\VC\include\cmath(21): error C2059: syntax error : ';'
     1>C:\Program Files (x86)\Microsoft Visual Studio 10.0\VC\include\cmath(21): error C2061: syntax error : identifier 'coshf'
     1>C:\Program Files (x86)\Microsoft Visual Studio 10.0\VC\include\cmath(21): error C2059: syntax error : ';'
     1>C:\Program Files (x86)\Microsoft Visual Studio 10.0\VC\include\cmath(21): error C2061: syntax error : identifier 'expf'
     1>C:\Program Files (x86)\Microsoft Visual Studio 10.0\VC\include\cmath(21): error C2059: syntax error : ';'
     1>C:\Program Files (x86)\Microsoft Visual Studio 10.0\VC\include\cmath(22): error C2061: syntax error : identifier 'fabsf'
     1>C:\Program Files (x86)\Microsoft Visual Studio 10.0\VC\include\cmath(22): error C2059: syntax error : ';'
     1>C:\Program Files (x86)\Microsoft Visual Studio 10.0\VC\include\cmath(22): error C2061: syntax error : identifier 'floorf'
     1>C:\Program Files (x86)\Microsoft Visual Studio 10.0\VC\include\cmath(22): error C2059: syntax error : ';'
     1>C:\Program Files (x86)\Microsoft Visual Studio 10.0\VC\include\cmath(22): error C2061: syntax error : identifier 'fmodf'
     1>C:\Program Files (x86)\Microsoft Visual Studio 10.0\VC\include\cmath(22): error C2059: syntax error : ';'
     1>C:\Program Files (x86)\Microsoft Visual Studio 10.0\VC\include\cmath(23): error C2061: syntax error : identifier 'frexpf'
     1>C:\Program Files (x86)\Microsoft Visual Studio 10.0\VC\include\cmath(23): error C2059: syntax error : ';'
     1>C:\Program Files (x86)\Microsoft Visual Studio 10.0\VC\include\cmath(23): error C2061: syntax error : identifier 'ldexpf'
     1>C:\Program Files (x86)\Microsoft Visual Studio 10.0\VC\include\cmath(23): error C2059: syntax error : ';'
     1>C:\Program Files (x86)\Microsoft Visual Studio 10.0\VC\include\cmath(23): error C2061: syntax error : identifier 'logf'
     1>C:\Program Files (x86)\Microsoft Visual Studio 10.0\VC\include\cmath(23): error C2059: syntax error : ';'
     1>C:\Program Files (x86)\Microsoft Visual Studio 10.0\VC\include\cmath(24): error C2061: syntax error : identifier 'log10f'
     1>C:\Program Files (x86)\Microsoft Visual Studio 10.0\VC\include\cmath(24): error C2059: syntax error : ';'
     1>C:\Program Files (x86)\Microsoft Visual Studio 10.0\VC\include\cmath(24): error C2061: syntax error : identifier 'modff'
     1>C:\Program Files (x86)\Microsoft Visual Studio 10.0\VC\include\cmath(24): error C2059: syntax error : ';'
     1>C:\Program Files (x86)\Microsoft Visual Studio 10.0\VC\include\cmath(24): error C2061: syntax error : identifier 'powf'
     1>C:\Program Files (x86)\Microsoft Visual Studio 10.0\VC\include\cmath(24): error C2059: syntax error : ';'
     1>C:\Program Files (x86)\Microsoft Visual Studio 10.0\VC\include\cmath(25): error C2061: syntax error : identifier 'sinf'
     1>C:\Program Files (x86)\Microsoft Visual Studio 10.0\VC\include\cmath(25): error C2059: syntax error : ';'
     1>C:\Program Files (x86)\Microsoft Visual Studio 10.0\VC\include\cmath(25): error C2061: syntax error : identifier 'sinhf'
     1>C:\Program Files (x86)\Microsoft Visual Studio 10.0\VC\include\cmath(25): error C2059: syntax error : ';'
     1>C:\Program Files (x86)\Microsoft Visual Studio 10.0\VC\include\cmath(25): error C2061: syntax error : identifier 'sqrtf'
     1>C:\Program Files (x86)\Microsoft Visual Studio 10.0\VC\include\cmath(25): error C2059: syntax error : ';'
     1>C:\Program Files (x86)\Microsoft Visual Studio 10.0\VC\include\cmath(26): error C2061: syntax error : identifier 'tanf'
     1>C:\Program Files (x86)\Microsoft Visual Studio 10.0\VC\include\cmath(26): error C2059: syntax error : ';'
     1>C:\Program Files (x86)\Microsoft Visual Studio 10.0\VC\include\cmath(26): error C2061: syntax error : identifier 'tanhf'
     1>C:\Program Files (x86)\Microsoft Visual Studio 10.0\VC\include\cmath(26): error C2059: syntax error : ';'
     1>C:\Program Files (x86)\Microsoft Visual Studio 10.0\VC\include\cmath(28): error C2061: syntax error : identifier 'acosl'
     1>C:\Program Files (x86)\Microsoft Visual Studio 10.0\VC\include\cmath(28): error C2059: syntax error : ';'
     1>C:\Program Files (x86)\Microsoft Visual Studio 10.0\VC\include\cmath(28): error C2061: syntax error : identifier 'asinl'
     1>C:\Program Files (x86)\Microsoft Visual Studio 10.0\VC\include\cmath(28): error C2059: syntax error : ';'
     1>C:\Program Files (x86)\Microsoft Visual Studio 10.0\VC\include\cmath(29): error C2061: syntax error : identifier 'atanl'
     1>C:\Program Files (x86)\Microsoft Visual Studio 10.0\VC\include\cmath(29): error C2059: syntax error : ';'
     1>C:\Program Files (x86)\Microsoft Visual Studio 10.0\VC\include\cmath(29): error C2061: syntax error : identifier 'atan2l'
     1>C:\Program Files (x86)\Microsoft Visual Studio 10.0\VC\include\cmath(29): error C2059: syntax error : ';'
     1>C:\Program Files (x86)\Microsoft Visual Studio 10.0\VC\include\cmath(29): error C2061: syntax error : identifier 'ceill'
     1>C:\Program Files (x86)\Microsoft Visual Studio 10.0\VC\include\cmath(29): error C2059: syntax error : ';'
     1>C:\Program Files (x86)\Microsoft Visual Studio 10.0\VC\include\cmath(30): error C2061: syntax error : identifier 'cosl'
     1>C:\Program Files (x86)\Microsoft Visual Studio 10.0\VC\include\cmath(30): error C2059: syntax error : ';'
     1>C:\Program Files (x86)\Microsoft Visual Studio 10.0\VC\include\cmath(30): error C2061: syntax error : identifier 'coshl'
     1>C:\Program Files (x86)\Microsoft Visual Studio 10.0\VC\include\cmath(30): error C2059: syntax error : ';'
     1>C:\Program Files (x86)\Microsoft Visual Studio 10.0\VC\include\cmath(30): error C2061: syntax error : identifier 'expl'
     1>C:\Program Files (x86)\Microsoft Visual Studio 10.0\VC\include\cmath(30): error C2059: syntax error : ';'
     1>C:\Program Files (x86)\Microsoft Visual Studio 10.0\VC\include\cmath(31): error C2061: syntax error : identifier 'fabsl'
     1>C:\Program Files (x86)\Microsoft Visual Studio 10.0\VC\include\cmath(31): error C2059: syntax error : ';'
     1>C:\Program Files (x86)\Microsoft Visual Studio 10.0\VC\include\cmath(31): error C2061: syntax error : identifier 'floorl'
     1>C:\Program Files (x86)\Microsoft Visual Studio 10.0\VC\include\cmath(31): error C2059: syntax error : ';'
     1>C:\Program Files (x86)\Microsoft Visual Studio 10.0\VC\include\cmath(31): error C2061: syntax error : identifier 'fmodl'
     1>C:\Program Files (x86)\Microsoft Visual Studio 10.0\VC\include\cmath(31): error C2059: syntax error : ';'
     1>C:\Program Files (x86)\Microsoft Visual Studio 10.0\VC\include\cmath(32): error C2061: syntax error : identifier 'frexpl'
     1>C:\Program Files (x86)\Microsoft Visual Studio 10.0\VC\include\cmath(32): error C2059: syntax error : ';'
     1>C:\Program Files (x86)\Microsoft Visual Studio 10.0\VC\include\cmath(32): error C2061: syntax error : identifier 'ldexpl'
     1>C:\Program Files (x86)\Microsoft Visual Studio 10.0\VC\include\cmath(32): error C2059: syntax error : ';'
     1>C:\Program Files (x86)\Microsoft Visual Studio 10.0\VC\include\cmath(32): error C2061: syntax error : identifier 'logl'
     1>C:\Program Files (x86)\Microsoft Visual Studio 10.0\VC\include\cmath(32): error C2059: syntax error : ';'
     1>C:\Program Files (x86)\Microsoft Visual Studio 10.0\VC\include\cmath(33): error C2061: syntax error : identifier 'log10l'
     1>C:\Program Files (x86)\Microsoft Visual Studio 10.0\VC\include\cmath(33): error C2059: syntax error : ';'
     1>C:\Program Files (x86)\Microsoft Visual Studio 10.0\VC\include\cmath(33): error C2061: syntax error : identifier 'modfl'
     1>C:\Program Files (x86)\Microsoft Visual Studio 10.0\VC\include\cmath(33): error C2059: syntax error : ';'
     1>C:\Program Files (x86)\Microsoft Visual Studio 10.0\VC\include\cmath(33): error C2061: syntax error : identifier 'powl'
     1>C:\Program Files (x86)\Microsoft Visual Studio 10.0\VC\include\cmath(33): error C2059: syntax error : ';'
     1>C:\Program Files (x86)\Microsoft Visual Studio 10.0\VC\include\cmath(34): error C2061: syntax error : identifier 'sinl'
     1>C:\Program Files (x86)\Microsoft Visual Studio 10.0\VC\include\cmath(34): error C2059: syntax error : ';'
     1>C:\Program Files (x86)\Microsoft Visual Studio 10.0\VC\include\cmath(34): error C2061: syntax error : identifier 'sinhl'
     1>C:\Program Files (x86)\Microsoft Visual Studio 10.0\VC\include\cmath(34): error C2059: syntax error : ';'
     1>C:\Program Files (x86)\Microsoft Visual Studio 10.0\VC\include\cmath(34): error C2061: syntax error : identifier 'sqrtl'
     1>C:\Program Files (x86)\Microsoft Visual Studio 10.0\VC\include\cmath(34): error C2059: syntax error : ';'
     1>C:\Program Files (x86)\Microsoft Visual Studio 10.0\VC\include\cmath(35): error C2061: syntax error : identifier 'tanl'
     1>C:\Program Files (x86)\Microsoft Visual Studio 10.0\VC\include\cmath(35): error C2059: syntax error : ';'
     1>C:\Program Files (x86)\Microsoft Visual Studio 10.0\VC\include\cmath(35): error C2061: syntax error : identifier 'tanhl'
     1>C:\Program Files (x86)\Microsoft Visual Studio 10.0\VC\include\cmath(35): error C2059: syntax error : ';'
     1>C:\Program Files (x86)\Microsoft Visual Studio 10.0\VC\include\cmath(37): error C2061: syntax error : identifier 'abs'
     1>C:\Program Files (x86)\Microsoft Visual Studio 10.0\VC\include\cmath(37): error C2059: syntax error : ';'
     1>C:\Program Files (x86)\Microsoft Visual Studio 10.0\VC\include\cmath(39): error C2061: syntax error : identifier 'acos'
     1>C:\Program Files (x86)\Microsoft Visual Studio 10.0\VC\include\cmath(39): error C2059: syntax error : ';'
     1>C:\Program Files (x86)\Microsoft Visual Studio 10.0\VC\include\cmath(39): error C2061: syntax error : identifier 'asin'
     1>C:\Program Files (x86)\Microsoft Visual Studio 10.0\VC\include\cmath(39): error C2059: syntax error : ';'
     1>C:\Program Files (x86)\Microsoft Visual Studio 10.0\VC\include\cmath(40): error C2061: syntax error : identifier 'atan'
     1>C:\Program Files (x86)\Microsoft Visual Studio 10.0\VC\include\cmath(40): error C2059: syntax error : ';'
     1>C:\Program Files (x86)\Microsoft Visual Studio 10.0\VC\include\cmath(40): error C2061: syntax error : identifier 'atan2'
     1>C:\Program Files (x86)\Microsoft Visual Studio 10.0\VC\include\cmath(40): error C2059: syntax error : ';'
     1>C:\Program Files (x86)\Microsoft Visual Studio 10.0\VC\include\cmath(40): error C2061: syntax error : identifier 'ceil'
     1>C:\Program Files (x86)\Microsoft Visual Studio 10.0\VC\include\cmath(40): error C2059: syntax error : ';'
     1>C:\Program Files (x86)\Microsoft Visual Studio 10.0\VC\include\cmath(41): error C2061: syntax error : identifier 'cos'
     1>C:\Program Files (x86)\Microsoft Visual Studio 10.0\VC\include\cmath(41): fatal error C1003: error count exceeds 100; stopping compilation
         objloader.cpp
     1>C:\Program Files (x86)\Microsoft Visual Studio 10.0\VC\include\cstdlib(19): warning C4431: missing type specifier - int assumed. Note: C no longer supports default-int
     1>C:\Program Files (x86)\Microsoft Visual Studio 10.0\VC\include\cstdlib(19): error C2054: expected '(' to follow 'using'
     1>C:\Program Files (x86)\Microsoft Visual Studio 10.0\VC\include\cstdlib(19): error C2061: syntax error : identifier 'using'
     1>C:\Program Files (x86)\Microsoft Visual Studio 10.0\VC\include\cstdlib(19): warning C4431: missing type specifier - int assumed. Note: C no longer supports default-int
     1>C:\Program Files (x86)\Microsoft Visual Studio 10.0\VC\include\cstdlib(19): error C2054: expected '(' to follow 'using'
     1>C:\Program Files (x86)\Microsoft Visual Studio 10.0\VC\include\cstdlib(21): error C2061: syntax error : identifier 'using'
     1>C:\Program Files (x86)\Microsoft Visual Studio 10.0\VC\include\cstdlib(21): error C2061: syntax error : identifier 'abs'
     1>C:\Program Files (x86)\Microsoft Visual Studio 10.0\VC\include\cstdlib(21): error C2059: syntax error : ';'
     1>C:\Program Files (x86)\Microsoft Visual Studio 10.0\VC\include\cstdlib(21): error C2061: syntax error : identifier 'atexit'
     1>C:\Program Files (x86)\Microsoft Visual Studio 10.0\VC\include\cstdlib(21): error C2059: syntax error : ';'
     1>C:\Program Files (x86)\Microsoft Visual Studio 10.0\VC\include\cstdlib(22): error C2061: syntax error : identifier 'atof'
     1>C:\Program Files (x86)\Microsoft Visual Studio 10.0\VC\include\cstdlib(22): error C2059: syntax error : ';'
     1>C:\Program Files (x86)\Microsoft Visual Studio 10.0\VC\include\cstdlib(22): error C2061: syntax error : identifier 'atoi'
     1>C:\Program Files (x86)\Microsoft Visual Studio 10.0\VC\include\cstdlib(22): error C2059: syntax error : ';'
     1>C:\Program Files (x86)\Microsoft Visual Studio 10.0\VC\include\cstdlib(22): error C2061: syntax error : identifier 'atol'
     1>C:\Program Files (x86)\Microsoft Visual Studio 10.0\VC\include\cstdlib(22): error C2059: syntax error : ';'
     1>C:\Program Files (x86)\Microsoft Visual Studio 10.0\VC\include\cstdlib(23): error C2061: syntax error : identifier 'bsearch'
     1>C:\Program Files (x86)\Microsoft Visual Studio 10.0\VC\include\cstdlib(23): error C2059: syntax error : ';'
     1>C:\Program Files (x86)\Microsoft Visual Studio 10.0\VC\include\cstdlib(23): error C2061: syntax error : identifier 'calloc'
     1>C:\Program Files (x86)\Microsoft Visual Studio 10.0\VC\include\cstdlib(23): error C2059: syntax error : ';'
     1>C:\Program Files (x86)\Microsoft Visual Studio 10.0\VC\include\cstdlib(23): error C2061: syntax error : identifier 'div'
     1>C:\Program Files (x86)\Microsoft Visual Studio 10.0\VC\include\cstdlib(23): error C2059: syntax error : ';'
     1>C:\Program Files (x86)\Microsoft Visual Studio 10.0\VC\include\cstdlib(24): error C2061: syntax error : identifier 'exit'
     1>C:\Program Files (x86)\Microsoft Visual Studio 10.0\VC\include\cstdlib(24): error C2059: syntax error : ';'
     1>C:\Program Files (x86)\Microsoft Visual Studio 10.0\VC\include\cstdlib(24): error C2061: syntax error : identifier 'free'
     1>C:\Program Files (x86)\Microsoft Visual Studio 10.0\VC\include\cstdlib(24): error C2059: syntax error : ';'
     1>C:\Program Files (x86)\Microsoft Visual Studio 10.0\VC\include\cstdlib(24): error C2061: syntax error : identifier 'getenv'
     1>C:\Program Files (x86)\Microsoft Visual Studio 10.0\VC\include\cstdlib(24): error C2059: syntax error : ';'
     1>C:\Program Files (x86)\Microsoft Visual Studio 10.0\VC\include\cstdlib(25): error C2061: syntax error : identifier 'labs'
     1>C:\Program Files (x86)\Microsoft Visual Studio 10.0\VC\include\cstdlib(25): error C2059: syntax error : ';'
     1>C:\Program Files (x86)\Microsoft Visual Studio 10.0\VC\include\cstdlib(25): error C2061: syntax error : identifier 'ldiv'
     1>C:\Program Files (x86)\Microsoft Visual Studio 10.0\VC\include\cstdlib(25): error C2059: syntax error : ';'
     1>C:\Program Files (x86)\Microsoft Visual Studio 10.0\VC\include\cstdlib(25): error C2061: syntax error : identifier 'malloc'
     1>C:\Program Files (x86)\Microsoft Visual Studio 10.0\VC\include\cstdlib(25): error C2059: syntax error : ';'
     1>C:\Program Files (x86)\Microsoft Visual Studio 10.0\VC\include\cstdlib(26): error C2061: syntax error : identifier 'mblen'
     1>C:\Program Files (x86)\Microsoft Visual Studio 10.0\VC\include\cstdlib(26): error C2059: syntax error : ';'
     1>C:\Program Files (x86)\Microsoft Visual Studio 10.0\VC\include\cstdlib(26): error C2061: syntax error : identifier 'mbstowcs'
     1>C:\Program Files (x86)\Microsoft Visual Studio 10.0\VC\include\cstdlib(26): error C2059: syntax error : ';'
     1>C:\Program Files (x86)\Microsoft Visual Studio 10.0\VC\include\cstdlib(26): error C2061: syntax error : identifier 'mbtowc'
     1>C:\Program Files (x86)\Microsoft Visual Studio 10.0\VC\include\cstdlib(26): error C2059: syntax error : ';'
     1>C:\Program Files (x86)\Microsoft Visual Studio 10.0\VC\include\cstdlib(27): error C2061: syntax error : identifier 'qsort'
     1>C:\Program Files (x86)\Microsoft Visual Studio 10.0\VC\include\cstdlib(27): error C2059: syntax error : ';'
     1>C:\Program Files (x86)\Microsoft Visual Studio 10.0\VC\include\cstdlib(27): error C2061: syntax error : identifier 'rand'
     1>C:\Program Files (x86)\Microsoft Visual Studio 10.0\VC\include\cstdlib(27): error C2059: syntax error : ';'
     1>C:\Program Files (x86)\Microsoft Visual Studio 10.0\VC\include\cstdlib(27): error C2061: syntax error : identifier 'realloc'
     1>C:\Program Files (x86)\Microsoft Visual Studio 10.0\VC\include\cstdlib(27): error C2059: syntax error : ';'
     1>C:\Program Files (x86)\Microsoft Visual Studio 10.0\VC\include\cstdlib(28): error C2061: syntax error : identifier 'srand'
     1>C:\Program Files (x86)\Microsoft Visual Studio 10.0\VC\include\cstdlib(28): error C2059: syntax error : ';'
     1>C:\Program Files (x86)\Microsoft Visual Studio 10.0\VC\include\cstdlib(28): error C2061: syntax error : identifier 'strtod'
     1>C:\Program Files (x86)\Microsoft Visual Studio 10.0\VC\include\cstdlib(28): error C2059: syntax error : ';'
     1>C:\Program Files (x86)\Microsoft Visual Studio 10.0\VC\include\cstdlib(28): error C2061: syntax error : identifier 'strtol'
     1>C:\Program Files (x86)\Microsoft Visual Studio 10.0\VC\include\cstdlib(28): error C2059: syntax error : ';'
     1>C:\Program Files (x86)\Microsoft Visual Studio 10.0\VC\include\cstdlib(29): error C2061: syntax error : identifier 'strtoul'
     1>C:\Program Files (x86)\Microsoft Visual Studio 10.0\VC\include\cstdlib(29): error C2059: syntax error : ';'
     1>C:\Program Files (x86)\Microsoft Visual Studio 10.0\VC\include\cstdlib(29): error C2061: syntax error : identifier 'system'
     1>C:\Program Files (x86)\Microsoft Visual Studio 10.0\VC\include\cstdlib(29): error C2059: syntax error : ';'
     1>C:\Program Files (x86)\Microsoft Visual Studio 10.0\VC\include\cstdlib(30): error C2061: syntax error : identifier 'wcstombs'
     1>C:\Program Files (x86)\Microsoft Visual Studio 10.0\VC\include\cstdlib(30): error C2059: syntax error : ';'
     1>C:\Program Files (x86)\Microsoft Visual Studio 10.0\VC\include\cstdlib(30): error C2061: syntax error : identifier 'wctomb'
     1>C:\Program Files (x86)\Microsoft Visual Studio 10.0\VC\include\cstdlib(30): error C2059: syntax error : ';'
     1>C:\Program Files (x86)\Microsoft Visual Studio 10.0\VC\include\cstdlib(32): warning C4431: missing type specifier - int assumed. Note: C no longer supports default-int
     1>C:\Program Files (x86)\Microsoft Visual Studio 10.0\VC\include\cstdlib(32): error C2054: expected '(' to follow 'using'
     1>C:\Program Files (x86)\Microsoft Visual Studio 10.0\VC\include\cstdlib(34): error C2061: syntax error : identifier 'using'
     1>C:\Program Files (x86)\Microsoft Visual Studio 10.0\VC\include\cstdlib(34): error C2061: syntax error : identifier 'lldiv'
     1>C:\Program Files (x86)\Microsoft Visual Studio 10.0\VC\include\cstdlib(34): error C2059: syntax error : ';'
     1>C:\Program Files (x86)\Microsoft Visual Studio 10.0\VC\include\cstddef(18): warning C4431: missing type specifier - int assumed. Note: C no longer supports default-int
     1>C:\Program Files (x86)\Microsoft Visual Studio 10.0\VC\include\cstddef(18): error C2054: expected '(' to follow 'using'
     1>C:\Program Files (x86)\Microsoft Visual Studio 10.0\VC\include\cstddef(18): error C2061: syntax error : identifier 'using'
     1>C:\Program Files (x86)\Microsoft Visual Studio 10.0\VC\include\xstddef(78): error C2143: syntax error : missing '{' before '<'
     1>C:\Program Files (x86)\Microsoft Visual Studio 10.0\VC\include\xstddef(78): error C2059: syntax error : '<'
     1>C:\Program Files (x86)\Microsoft Visual Studio 10.0\VC\include\xstddef(87): error C2143: syntax error : missing '{' before '<'
     1>C:\Program Files (x86)\Microsoft Visual Studio 10.0\VC\include\xstddef(87): error C2059: syntax error : '<'
     1>C:\Program Files (x86)\Microsoft Visual Studio 10.0\VC\include\xstddef(98): error C2061: syntax error : identifier 'tr1'
     1>C:\Program Files (x86)\Microsoft Visual Studio 10.0\VC\include\xstddef(98): error C2059: syntax error : ';'
     1>C:\Program Files (x86)\Microsoft Visual Studio 10.0\VC\include\xstddef(98): error C2449: found '{' at file scope (missing function header?)
     1>C:\Program Files (x86)\Microsoft Visual Studio 10.0\VC\include\xstddef(101): error C2059: syntax error : '}'
     1>C:\Program Files (x86)\Microsoft Visual Studio 10.0\VC\include\xstddef(125): error C2143: syntax error : missing '{' before ':'
     1>C:\Program Files (x86)\Microsoft Visual Studio 10.0\VC\include\xstddef(125): error C2059: syntax error : ':'
     1>C:\Program Files (x86)\Microsoft Visual Studio 10.0\VC\include\xstddef(132): error C2143: syntax error : missing '{' before '<'
     1>C:\Program Files (x86)\Microsoft Visual Studio 10.0\VC\include\xstddef(132): error C2059: syntax error : '<'
     1>C:\Program Files (x86)\Microsoft Visual Studio 10.0\VC\include\xstddef(141): error C2143: syntax error : missing '{' before '<'
     1>C:\Program Files (x86)\Microsoft Visual Studio 10.0\VC\include\xstddef(141): error C2059: syntax error : '<'
     1>C:\Program Files (x86)\Microsoft Visual Studio 10.0\VC\include\eh.h(27): fatal error C1189: #error :  "eh.h is only for C++!"
         shader.cpp
     1>C:\Program Files (x86)\Microsoft Visual Studio 10.0\VC\include\cmath(19): error C2061: syntax error : identifier 'acosf'
     1>C:\Program Files (x86)\Microsoft Visual Studio 10.0\VC\include\cmath(19): error C2059: syntax error : ';'
     1>C:\Program Files (x86)\Microsoft Visual Studio 10.0\VC\include\cmath(19): error C2061: syntax error : identifier 'asinf'
     1>C:\Program Files (x86)\Microsoft Visual Studio 10.0\VC\include\cmath(19): error C2059: syntax error : ';'
     1>C:\Program Files (x86)\Microsoft Visual Studio 10.0\VC\include\cmath(20): error C2061: syntax error : identifier 'atanf'
     1>C:\Program Files (x86)\Microsoft Visual Studio 10.0\VC\include\cmath(20): error C2059: syntax error : ';'
     1>C:\Program Files (x86)\Microsoft Visual Studio 10.0\VC\include\cmath(20): error C2061: syntax error : identifier 'atan2f'
     1>C:\Program Files (x86)\Microsoft Visual Studio 10.0\VC\include\cmath(20): error C2059: syntax error : ';'
     1>C:\Program Files (x86)\Microsoft Visual Studio 10.0\VC\include\cmath(20): error C2061: syntax error : identifier 'ceilf'
     1>C:\Program Files (x86)\Microsoft Visual Studio 10.0\VC\include\cmath(20): error C2059: syntax error : ';'
     1>C:\Program Files (x86)\Microsoft Visual Studio 10.0\VC\include\cmath(21): error C2061: syntax error : identifier 'cosf'
     1>C:\Program Files (x86)\Microsoft Visual Studio 10.0\VC\include\cmath(21): error C2059: syntax error : ';'
     1>C:\Program Files (x86)\Microsoft Visual Studio 10.0\VC\include\cmath(21): error C2061: syntax error : identifier 'coshf'
     1>C:\Program Files (x86)\Microsoft Visual Studio 10.0\VC\include\cmath(21): error C2059: syntax error : ';'
     1>C:\Program Files (x86)\Microsoft Visual Studio 10.0\VC\include\cmath(21): error C2061: syntax error : identifier 'expf'
     1>C:\Program Files (x86)\Microsoft Visual Studio 10.0\VC\include\cmath(21): error C2059: syntax error : ';'
     1>C:\Program Files (x86)\Microsoft Visual Studio 10.0\VC\include\cmath(22): error C2061: syntax error : identifier 'fabsf'
     1>C:\Program Files (x86)\Microsoft Visual Studio 10.0\VC\include\cmath(22): error C2059: syntax error : ';'
     1>C:\Program Files (x86)\Microsoft Visual Studio 10.0\VC\include\cmath(22): error C2061: syntax error : identifier 'floorf'
     1>C:\Program Files (x86)\Microsoft Visual Studio 10.0\VC\include\cmath(22): error C2059: syntax error : ';'
     1>C:\Program Files (x86)\Microsoft Visual Studio 10.0\VC\include\cmath(22): error C2061: syntax error : identifier 'fmodf'
     1>C:\Program Files (x86)\Microsoft Visual Studio 10.0\VC\include\cmath(22): error C2059: syntax error : ';'
     1>C:\Program Files (x86)\Microsoft Visual Studio 10.0\VC\include\cmath(23): error C2061: syntax error : identifier 'frexpf'
     1>C:\Program Files (x86)\Microsoft Visual Studio 10.0\VC\include\cmath(23): error C2059: syntax error : ';'
     1>C:\Program Files (x86)\Microsoft Visual Studio 10.0\VC\include\cmath(23): error C2061: syntax error : identifier 'ldexpf'
     1>C:\Program Files (x86)\Microsoft Visual Studio 10.0\VC\include\cmath(23): error C2059: syntax error : ';'
     1>C:\Program Files (x86)\Microsoft Visual Studio 10.0\VC\include\cmath(23): error C2061: syntax error : identifier 'logf'
     1>C:\Program Files (x86)\Microsoft Visual Studio 10.0\VC\include\cmath(23): error C2059: syntax error : ';'
     1>C:\Program Files (x86)\Microsoft Visual Studio 10.0\VC\include\cmath(24): error C2061: syntax error : identifier 'log10f'
     1>C:\Program Files (x86)\Microsoft Visual Studio 10.0\VC\include\cmath(24): error C2059: syntax error : ';'
     1>C:\Program Files (x86)\Microsoft Visual Studio 10.0\VC\include\cmath(24): error C2061: syntax error : identifier 'modff'
     1>C:\Program Files (x86)\Microsoft Visual Studio 10.0\VC\include\cmath(24): error C2059: syntax error : ';'
     1>C:\Program Files (x86)\Microsoft Visual Studio 10.0\VC\include\cmath(24): error C2061: syntax error : identifier 'powf'
     1>C:\Program Files (x86)\Microsoft Visual Studio 10.0\VC\include\cmath(24): error C2059: syntax error : ';'
     1>C:\Program Files (x86)\Microsoft Visual Studio 10.0\VC\include\cmath(25): error C2061: syntax error : identifier 'sinf'
     1>C:\Program Files (x86)\Microsoft Visual Studio 10.0\VC\include\cmath(25): error C2059: syntax error : ';'
     1>C:\Program Files (x86)\Microsoft Visual Studio 10.0\VC\include\cmath(25): error C2061: syntax error : identifier 'sinhf'
     1>C:\Program Files (x86)\Microsoft Visual Studio 10.0\VC\include\cmath(25): error C2059: syntax error : ';'
     1>C:\Program Files (x86)\Microsoft Visual Studio 10.0\VC\include\cmath(25): error C2061: syntax error : identifier 'sqrtf'
     1>C:\Program Files (x86)\Microsoft Visual Studio 10.0\VC\include\cmath(25): error C2059: syntax error : ';'
     1>C:\Program Files (x86)\Microsoft Visual Studio 10.0\VC\include\cmath(26): error C2061: syntax error : identifier 'tanf'
     1>C:\Program Files (x86)\Microsoft Visual Studio 10.0\VC\include\cmath(26): error C2059: syntax error : ';'
     1>C:\Program Files (x86)\Microsoft Visual Studio 10.0\VC\include\cmath(26): error C2061: syntax error : identifier 'tanhf'
     1>C:\Program Files (x86)\Microsoft Visual Studio 10.0\VC\include\cmath(26): error C2059: syntax error : ';'
     1>C:\Program Files (x86)\Microsoft Visual Studio 10.0\VC\include\cmath(28): error C2061: syntax error : identifier 'acosl'
     1>C:\Program Files (x86)\Microsoft Visual Studio 10.0\VC\include\cmath(28): error C2059: syntax error : ';'
     1>C:\Program Files (x86)\Microsoft Visual Studio 10.0\VC\include\cmath(28): error C2061: syntax error : identifier 'asinl'
     1>C:\Program Files (x86)\Microsoft Visual Studio 10.0\VC\include\cmath(28): error C2059: syntax error : ';'
     1>C:\Program Files (x86)\Microsoft Visual Studio 10.0\VC\include\cmath(29): error C2061: syntax error : identifier 'atanl'
     1>C:\Program Files (x86)\Microsoft Visual Studio 10.0\VC\include\cmath(29): error C2059: syntax error : ';'
     1>C:\Program Files (x86)\Microsoft Visual Studio 10.0\VC\include\cmath(29): error C2061: syntax error : identifier 'atan2l'
     1>C:\Program Files (x86)\Microsoft Visual Studio 10.0\VC\include\cmath(29): error C2059: syntax error : ';'
     1>C:\Program Files (x86)\Microsoft Visual Studio 10.0\VC\include\cmath(29): error C2061: syntax error : identifier 'ceill'
     1>C:\Program Files (x86)\Microsoft Visual Studio 10.0\VC\include\cmath(29): error C2059: syntax error : ';'
     1>C:\Program Files (x86)\Microsoft Visual Studio 10.0\VC\include\cmath(30): error C2061: syntax error : identifier 'cosl'
     1>C:\Program Files (x86)\Microsoft Visual Studio 10.0\VC\include\cmath(30): error C2059: syntax error : ';'
     1>C:\Program Files (x86)\Microsoft Visual Studio 10.0\VC\include\cmath(30): error C2061: syntax error : identifier 'coshl'
     1>C:\Program Files (x86)\Microsoft Visual Studio 10.0\VC\include\cmath(30): error C2059: syntax error : ';'
     1>C:\Program Files (x86)\Microsoft Visual Studio 10.0\VC\include\cmath(30): error C2061: syntax error : identifier 'expl'
     1>C:\Program Files (x86)\Microsoft Visual Studio 10.0\VC\include\cmath(30): error C2059: syntax error : ';'
     1>C:\Program Files (x86)\Microsoft Visual Studio 10.0\VC\include\cmath(31): error C2061: syntax error : identifier 'fabsl'
     1>C:\Program Files (x86)\Microsoft Visual Studio 10.0\VC\include\cmath(31): error C2059: syntax error : ';'
     1>C:\Program Files (x86)\Microsoft Visual Studio 10.0\VC\include\cmath(31): error C2061: syntax error : identifier 'floorl'
     1>C:\Program Files (x86)\Microsoft Visual Studio 10.0\VC\include\cmath(31): error C2059: syntax error : ';'
     1>C:\Program Files (x86)\Microsoft Visual Studio 10.0\VC\include\cmath(31): error C2061: syntax error : identifier 'fmodl'
     1>C:\Program Files (x86)\Microsoft Visual Studio 10.0\VC\include\cmath(31): error C2059: syntax error : ';'
     1>C:\Program Files (x86)\Microsoft Visual Studio 10.0\VC\include\cmath(32): error C2061: syntax error : identifier 'frexpl'
     1>C:\Program Files (x86)\Microsoft Visual Studio 10.0\VC\include\cmath(32): error C2059: syntax error : ';'
     1>C:\Program Files (x86)\Microsoft Visual Studio 10.0\VC\include\cmath(32): error C2061: syntax error : identifier 'ldexpl'
     1>C:\Program Files (x86)\Microsoft Visual Studio 10.0\VC\include\cmath(32): error C2059: syntax error : ';'
     1>C:\Program Files (x86)\Microsoft Visual Studio 10.0\VC\include\cmath(32): error C2061: syntax error : identifier 'logl'
     1>C:\Program Files (x86)\Microsoft Visual Studio 10.0\VC\include\cmath(32): error C2059: syntax error : ';'
     1>C:\Program Files (x86)\Microsoft Visual Studio 10.0\VC\include\cmath(33): error C2061: syntax error : identifier 'log10l'
     1>C:\Program Files (x86)\Microsoft Visual Studio 10.0\VC\include\cmath(33): error C2059: syntax error : ';'
     1>C:\Program Files (x86)\Microsoft Visual Studio 10.0\VC\include\cmath(33): error C2061: syntax error : identifier 'modfl'
     1>C:\Program Files (x86)\Microsoft Visual Studio 10.0\VC\include\cmath(33): error C2059: syntax error : ';'
     1>C:\Program Files (x86)\Microsoft Visual Studio 10.0\VC\include\cmath(33): error C2061: syntax error : identifier 'powl'
     1>C:\Program Files (x86)\Microsoft Visual Studio 10.0\VC\include\cmath(33): error C2059: syntax error : ';'
     1>C:\Program Files (x86)\Microsoft Visual Studio 10.0\VC\include\cmath(34): error C2061: syntax error : identifier 'sinl'
     1>C:\Program Files (x86)\Microsoft Visual Studio 10.0\VC\include\cmath(34): error C2059: syntax error : ';'
     1>C:\Program Files (x86)\Microsoft Visual Studio 10.0\VC\include\cmath(34): error C2061: syntax error : identifier 'sinhl'
     1>C:\Program Files (x86)\Microsoft Visual Studio 10.0\VC\include\cmath(34): error C2059: syntax error : ';'
     1>C:\Program Files (x86)\Microsoft Visual Studio 10.0\VC\include\cmath(34): error C2061: syntax error : identifier 'sqrtl'
     1>C:\Program Files (x86)\Microsoft Visual Studio 10.0\VC\include\cmath(34): error C2059: syntax error : ';'
     1>C:\Program Files (x86)\Microsoft Visual Studio 10.0\VC\include\cmath(35): error C2061: syntax error : identifier 'tanl'
     1>C:\Program Files (x86)\Microsoft Visual Studio 10.0\VC\include\cmath(35): error C2059: syntax error : ';'
     1>C:\Program Files (x86)\Microsoft Visual Studio 10.0\VC\include\cmath(35): error C2061: syntax error : identifier 'tanhl'
     1>C:\Program Files (x86)\Microsoft Visual Studio 10.0\VC\include\cmath(35): error C2059: syntax error : ';'
     1>C:\Program Files (x86)\Microsoft Visual Studio 10.0\VC\include\cmath(37): error C2061: syntax error : identifier 'abs'
     1>C:\Program Files (x86)\Microsoft Visual Studio 10.0\VC\include\cmath(37): error C2059: syntax error : ';'
     1>C:\Program Files (x86)\Microsoft Visual Studio 10.0\VC\include\cmath(39): error C2061: syntax error : identifier 'acos'
     1>C:\Program Files (x86)\Microsoft Visual Studio 10.0\VC\include\cmath(39): error C2059: syntax error : ';'
     1>C:\Program Files (x86)\Microsoft Visual Studio 10.0\VC\include\cmath(39): error C2061: syntax error : identifier 'asin'
     1>C:\Program Files (x86)\Microsoft Visual Studio 10.0\VC\include\cmath(39): error C2059: syntax error : ';'
     1>C:\Program Files (x86)\Microsoft Visual Studio 10.0\VC\include\cmath(40): error C2061: syntax error : identifier 'atan'
     1>C:\Program Files (x86)\Microsoft Visual Studio 10.0\VC\include\cmath(40): error C2059: syntax error : ';'
     1>C:\Program Files (x86)\Microsoft Visual Studio 10.0\VC\include\cmath(40): error C2061: syntax error : identifier 'atan2'
     1>C:\Program Files (x86)\Microsoft Visual Studio 10.0\VC\include\cmath(40): error C2059: syntax error : ';'
     1>C:\Program Files (x86)\Microsoft Visual Studio 10.0\VC\include\cmath(40): error C2061: syntax error : identifier 'ceil'
     1>C:\Program Files (x86)\Microsoft Visual Studio 10.0\VC\include\cmath(40): error C2059: syntax error : ';'
     1>C:\Program Files (x86)\Microsoft Visual Studio 10.0\VC\include\cmath(41): error C2061: syntax error : identifier 'cos'
     1>C:\Program Files (x86)\Microsoft Visual Studio 10.0\VC\include\cmath(41): fatal error C1003: error count exceeds 100; stopping compilation
         texture.cpp
     1>texture.cpp(23): error C2143: syntax error : missing ';' before 'type'
     1>texture.cpp(24): error C2143: syntax error : missing ';' before 'type'
     1>texture.cpp(25): error C2143: syntax error : missing ';' before 'type'
     1>texture.cpp(26): error C2143: syntax error : missing ';' before 'type'
     1>texture.cpp(28): error C2143: syntax error : missing ';' before 'type'
     1>texture.cpp(31): error C2275: 'FILE' : illegal use of this type as an expression
                 C:\Program Files (x86)\Microsoft Visual Studio 10.0\VC\include\stdio.h(66) : see declaration of 'FILE'
     1>texture.cpp(31): error C2065: 'file' : undeclared identifier
     1>texture.cpp(32): error C2065: 'file' : undeclared identifier
     1>texture.cpp(37): error C2065: 'header' : undeclared identifier
     1>texture.cpp(37): warning C4022: 'fread' : pointer mismatch for actual parameter 1
     1>texture.cpp(37): error C2065: 'file' : undeclared identifier
     1>texture.cpp(37): warning C4047: 'function' : 'FILE *' differs in levels of indirection from 'int'
     1>texture.cpp(37): warning C4024: 'fread' : different types for formal and actual parameter 4
     1>texture.cpp(42): error C2065: 'header' : undeclared identifier
     1>texture.cpp(42): error C2109: subscript requires array or pointer type
     1>texture.cpp(42): error C2065: 'header' : undeclared identifier
     1>texture.cpp(42): error C2109: subscript requires array or pointer type
     1>texture.cpp(47): error C2065: 'header' : undeclared identifier
     1>texture.cpp(47): error C2109: subscript requires array or pointer type
     1>texture.cpp(48): error C2065: 'header' : undeclared identifier
     1>texture.cpp(48): error C2109: subscript requires array or pointer type
     1>texture.cpp(51): error C2065: 'dataPos' : undeclared identifier
     1>texture.cpp(51): error C2065: 'header' : undeclared identifier
     1>texture.cpp(51): error C2109: subscript requires array or pointer type
     1>texture.cpp(52): error C2065: 'imageSize' : undeclared identifier
     1>texture.cpp(52): error C2065: 'header' : undeclared identifier
     1>texture.cpp(52): error C2109: subscript requires array or pointer type
     1>texture.cpp(53): error C2065: 'width' : undeclared identifier
     1>texture.cpp(53): error C2065: 'header' : undeclared identifier
     1>texture.cpp(53): error C2109: subscript requires array or pointer type
     1>texture.cpp(54): error C2065: 'height' : undeclared identifier
     1>texture.cpp(54): error C2065: 'header' : undeclared identifier
     1>texture.cpp(54): error C2109: subscript requires array or pointer type
     1>texture.cpp(57): error C2065: 'imageSize' : undeclared identifier
     1>texture.cpp(57): error C2065: 'imageSize' : undeclared identifier
     1>texture.cpp(57): error C2065: 'width' : undeclared identifier
     1>texture.cpp(57): error C2065: 'height' : undeclared identifier
     1>texture.cpp(58): error C2065: 'dataPos' : undeclared identifier
     1>texture.cpp(58): error C2065: 'dataPos' : undeclared identifier
     1>texture.cpp(61): error C2065: 'data' : undeclared identifier
     1>texture.cpp(61): error C2065: 'new' : undeclared identifier
     1>texture.cpp(61): error C2143: syntax error : missing ';' before 'type'
     1>texture.cpp(64): error C2065: 'data' : undeclared identifier
     1>texture.cpp(64): warning C4022: 'fread' : pointer mismatch for actual parameter 1
     1>texture.cpp(64): error C2065: 'imageSize' : undeclared identifier
     1>texture.cpp(64): error C2065: 'file' : undeclared identifier
     1>texture.cpp(64): warning C4047: 'function' : 'FILE *' differs in levels of indirection from 'int'
     1>texture.cpp(64): warning C4024: 'fread' : different types for formal and actual parameter 4
     1>texture.cpp(67): error C2065: 'file' : undeclared identifier
     1>texture.cpp(67): warning C4047: 'function' : 'FILE *' differs in levels of indirection from 'int'
     1>texture.cpp(67): warning C4024: 'fclose' : different types for formal and actual parameter 1
     1>texture.cpp(70): error C2275: 'GLuint' : illegal use of this type as an expression
                 C:\Program Files (x86)\Microsoft SDKs\Windows\v7.0A\include\GL/glew.h(272) : see declaration of 'GLuint'
     1>texture.cpp(70): error C2146: syntax error : missing ';' before identifier 'textureID'
     1>texture.cpp(70): error C2065: 'textureID' : undeclared identifier
     1>texture.cpp(71): error C2065: 'textureID' : undeclared identifier
     1>texture.cpp(71): warning C4057: 'function' : 'GLuint *' differs in indirection to slightly different base types from 'int *'
     1>texture.cpp(74): error C2065: 'textureID' : undeclared identifier
     1>texture.cpp(77): error C2065: 'width' : undeclared identifier
     1>texture.cpp(77): error C2065: 'height' : undeclared identifier
     1>texture.cpp(77): error C2065: 'data' : undeclared identifier
     1>texture.cpp(77): warning C4022: 'glTexImage2D' : pointer mismatch for actual parameter 9
     1>texture.cpp(80): error C2065: 'delete' : undeclared identifier
     1>texture.cpp(80): error C2059: syntax error : ']'
     1>texture.cpp(94): error C2065: 'textureID' : undeclared identifier
     1>texture.cpp(115): error C2143: syntax error : missing ';' before 'type'
     1>texture.cpp(116): error C2065: 'filecode' : undeclared identifier
     1>texture.cpp(116): warning C4022: 'fread' : pointer mismatch for actual parameter 1
     1>texture.cpp(117): error C2065: 'filecode' : undeclared identifier
     1>texture.cpp(117): warning C4047: 'function' : 'const char *' differs in levels of indirection from 'int'
     1>texture.cpp(117): warning C4024: 'strncmp' : different types for formal and actual parameter 1
     1>texture.cpp(125): error C2143: syntax error : missing ';' before 'type'
     1>texture.cpp(126): error C2143: syntax error : missing ';' before 'type'
     1>texture.cpp(127): error C2143: syntax error : missing ';' before 'type'
     1>texture.cpp(128): error C2143: syntax error : missing ';' before 'type'
     1>texture.cpp(129): error C2143: syntax error : missing ';' before 'type'
     1>texture.cpp(132): error C2143: syntax error : missing ';' before 'type'
     1>texture.cpp(133): error C2143: syntax error : missing ';' before 'type'
     1>texture.cpp(135): error C2065: 'bufsize' : undeclared identifier
     1>texture.cpp(135): error C2065: 'mipMapCount' : undeclared identifier
     1>texture.cpp(135): error C2065: 'linearSize' : undeclared identifier
     1>texture.cpp(135): error C2065: 'linearSize' : undeclared identifier
     1>texture.cpp(136): error C2065: 'buffer' : undeclared identifier
     1>texture.cpp(136): error C2065: 'bufsize' : undeclared identifier
     1>texture.cpp(136): warning C4047: '=' : 'int' differs in levels of indirection from 'unsigned char *'
     1>texture.cpp(137): error C2065: 'buffer' : undeclared identifier
     1>texture.cpp(137): warning C4022: 'fread' : pointer mismatch for actual parameter 1
     1>texture.cpp(137): error C2065: 'bufsize' : undeclared identifier
     1>texture.cpp(141): error C2143: syntax error : missing ';' before 'type'
     1>texture.cpp(142): error C2143: syntax error : missing ';' before 'type'
     1>texture.cpp(143): error C2065: 'fourCC' : undeclared identifier
     1>texture.cpp(146): error C2065: 'format' : undeclared identifier
     1>texture.cpp(149): error C2065: 'format' : undeclared identifier
     1>texture.cpp(152): error C2065: 'format' : undeclared identifier
     1>texture.cpp(155): error C2065: 'buffer' : undeclared identifier
     1>texture.cpp(155): warning C4022: 'free' : pointer mismatch for actual parameter 1
     1>texture.cpp(160): error C2275: 'GLuint' : illegal use of this type as an expression
                 C:\Program Files (x86)\Microsoft SDKs\Windows\v7.0A\include\GL/glew.h(272) : see declaration of 'GLuint'
     1>texture.cpp(160): error C2146: syntax error : missing ';' before identifier 'textureID'
     1>texture.cpp(160): error C2065: 'textureID' : undeclared identifier
     1>texture.cpp(161): error C2065: 'textureID' : undeclared identifier
     1>texture.cpp(161): warning C4057: 'function' : 'GLuint *' differs in indirection to slightly different base types from 'int *'
     1>texture.cpp(164): error C2065: 'textureID' : undeclared identifier
     1>texture.cpp(167): error C2143: syntax error : missing ';' before 'type'
     1>texture.cpp(168): error C2143: syntax error : missing ';' before 'type'
     1>texture.cpp(171): error C2143: syntax error : missing ';' before 'type'
     1>texture.cpp(171): error C2143: syntax error : missing ';' before 'type'
     1>texture.cpp(171): error C2143: syntax error : missing ')' before 'type'
     1>texture.cpp(171): error C2143: syntax error : missing ';' before 'type'
     1>texture.cpp(171): error C2065: 'level' : undeclared identifier
     1>texture.cpp(171): error C2065: 'mipMapCount' : undeclared identifier
     1>texture.cpp(171): error C2065: 'width' : undeclared identifier
     1>texture.cpp(171): error C2065: 'height' : undeclared identifier
     1>texture.cpp(171): error C2059: syntax error : ')'
     1>texture.cpp(172): error C2065: 'level' : undeclared identifier
     1>texture.cpp(172): error C2143: syntax error : missing ';' before '{'
     1>texture.cpp(173): error C2065: 'width' : undeclared identifier
     1>texture.cpp(173): error C2065: 'height' : undeclared identifier
     1>texture.cpp(173): error C2065: 'blockSize' : undeclared identifier
     1>texture.cpp(174): error C2065: 'level' : undeclared identifier
     1>texture.cpp(174): fatal error C1003: error count exceeds 100; stopping compilation
     1>Done Building Project "D:\College Courses\Computer Graphics\Workspace\HelloPeople - SimleRun\HelloPeople\HelloPeople.vcxproj" (build target(s)) -- FAILED.

Build FAILED.

Time Elapsed 00:00:00.54
